[2012-10-24 14:42:50.679] [INFO] myapp - This is an info message. Wed Oct 24 2012 14:42:50 GMT-0700 (PDT)
[2012-10-24 14:42:50.680] [ERROR] myapp - This is an error message. Wed Oct 24 2012 14:42:50 GMT-0700 (PDT)
[2012-10-24 14:42:50.680] [WARN] myapp - This is a warning message. Wed Oct 24 2012 14:42:50 GMT-0700 (PDT)
[2012-10-25 11:21:50.217] [INFO] myapp - Logging in ACS app...
[2012-10-25 11:21:50.716] [INFO] myapp - ACS logged in!
[2012-10-25 11:23:02.178] [INFO] myapp - Creating a new place...
[2012-10-25 11:23:02.278] [INFO] myapp - Appcelerator Beijing office Created!!
[2012-10-25 11:28:09.208] [INFO] myapp - init happened
[2012-10-25 11:28:13.676] [INFO] myapp - init happened
[2012-10-25 11:28:27.628] [INFO] myapp - Logging in ACS app...
[2012-10-25 11:28:28.200] [INFO] myapp - ACS logged in!
[2012-10-25 11:29:11.729] [INFO] myapp - init happened
[2012-10-25 11:29:18.451] [INFO] myapp - init happened
[2012-10-25 11:29:28.183] [INFO] myapp - Logging in ACS app...
[2012-10-25 11:29:28.343] [INFO] myapp - ACS logged in!
[2012-10-25 11:29:31.588] [INFO] myapp - Logging in ACS app...
[2012-10-25 11:29:31.660] [INFO] myapp - ACS logged in!
[2012-10-25 11:30:10.639] [INFO] myapp - init happened
[2012-10-25 11:30:18.524] [INFO] myapp - init happened
[2012-10-25 11:30:27.847] [INFO] myapp - init happened
[2012-10-25 11:30:27.847] [INFO] myapp - Logging in ACS app...
[2012-10-25 11:30:28.043] [INFO] myapp - ACS logged in!
[2012-10-25 11:35:47.162] [INFO] myapp - Logging in ACS app...
[2012-10-25 11:35:48.053] [INFO] myapp - ACS logged in!
[2012-10-25 11:36:47.573] [INFO] myapp - Logging in ACS app...
[2012-10-25 11:36:47.682] [INFO] myapp - ACS logged in!
[2012-10-25 11:37:41.352] [INFO] myapp - Logging in ACS app...
[2012-10-25 11:37:41.634] [INFO] myapp - ACS logged in!
[2012-10-25 11:37:46.223] [INFO] myapp - Logging in ACS app...
[2012-10-25 11:37:46.303] [INFO] myapp - ACS logged in!
[2012-10-25 11:37:46.619] [INFO] myapp - Logging in ACS app...
[2012-10-25 11:37:46.782] [INFO] myapp - ACS logged in!
[2012-10-25 11:37:46.892] [INFO] myapp - Logging in ACS app...
[2012-10-25 11:37:46.961] [INFO] myapp - ACS logged in!
[2012-10-25 11:37:47.118] [INFO] myapp - Logging in ACS app...
[2012-10-25 11:37:47.200] [INFO] myapp - ACS logged in!
[2012-10-25 11:37:47.336] [INFO] myapp - Logging in ACS app...
[2012-10-25 11:37:47.421] [INFO] myapp - ACS logged in!
[2012-10-25 11:37:47.550] [INFO] myapp - Logging in ACS app...
[2012-10-25 11:37:47.626] [INFO] myapp - ACS logged in!
[2012-10-25 11:37:47.797] [INFO] myapp - Logging in ACS app...
[2012-10-25 11:37:48.058] [INFO] myapp - Logging in ACS app...
[2012-10-25 11:37:48.060] [INFO] myapp - ACS logged in!
[2012-10-25 11:37:48.224] [INFO] myapp - ACS logged in!
[2012-10-25 11:37:48.328] [INFO] myapp - Logging in ACS app...
[2012-10-25 11:37:48.432] [INFO] myapp - ACS logged in!
[2012-10-25 11:38:14.445] [INFO] myapp - Logging in ACS app...
[2012-10-25 11:38:29.497] [INFO] myapp - Logging in ACS app...
[2012-10-25 11:38:30.958] [INFO] myapp - Logging in ACS app...
[2012-10-25 11:38:31.235] [INFO] myapp - Logging in ACS app...
[2012-10-25 11:38:31.468] [INFO] myapp - Logging in ACS app...
[2012-10-25 11:38:31.691] [INFO] myapp - Logging in ACS app...
[2012-10-25 11:38:31.918] [INFO] myapp - Logging in ACS app...
[2012-10-25 11:38:39.229] [INFO] myapp - Logging in ACS app...
[2012-10-25 11:38:39.333] [INFO] myapp - ACS logged in!
[2012-10-25 11:38:52.820] [INFO] myapp - Logging in ACS app...
[2012-10-25 11:38:52.916] [INFO] myapp - ACS logged in!
[2012-10-25 11:39:06.734] [INFO] myapp - Logging in ACS app...
[2012-10-25 11:39:06.850] [INFO] myapp - ACS logged in!
[2012-10-25 13:02:21.300] [INFO] myapp - Logging in ACS app...
[2012-10-25 13:02:25.858] [INFO] myapp - Logging in ACS app...
[2012-10-25 13:02:28.173] [INFO] myapp - Creating a new place...
[2012-10-25 13:02:28.226] [INFO] myapp - Appcelerator Beijing office Created!!
[2012-10-25 13:02:33.442] [INFO] myapp - Logging in ACS app...
[2012-10-25 13:03:08.335] [INFO] myapp - Logging in ACS app...
[2012-10-25 13:04:27.058] [INFO] myapp - Logging in ACS app...
[2012-10-25 13:04:27.144] [INFO] myapp - Error:
401 Unauthorized request. Please provide a valid App key or Oauth key.
[2012-10-25 13:04:45.534] [INFO] myapp - Logging in ACS app...
[2012-10-25 13:04:45.579] [INFO] myapp - Error:
401 Unauthorized request. Please provide a valid App key or Oauth key.
[2012-10-25 13:05:13.734] [INFO] myapp - Logging in ACS app...
[2012-10-25 13:05:13.776] [INFO] myapp - Error:
401 Unauthorized request. Please provide a valid App key or Oauth key.
[2012-10-25 13:06:02.857] [INFO] myapp - ACS logged in!
