[2012-10-25 22:48:05.125] [INFO] myapp - Logging in ACS app...
[2012-10-25 22:48:05.125] [INFO] myapp - Session ID QiEfzOmd84HeLSQvG4Etebk_ZIo
[2012-10-25 22:48:05.126] [INFO] myapp - Response is [object Object]
[2012-10-25 22:48:05.126] [INFO] myapp - callback is function createPlace(req, res){	logger.info('createPlace Response .. '+res);	ACS.Places.create({      name:'Yahoo',       city:'Sunnyvale',	  state: 'CA'    }, function(data) {        res.write(JSON.stringify(data, null, 2));        res.end();    }, req, res);}
[2012-10-25 22:48:05.126] [INFO] myapp - createPlace Response .. [object Object]
[2012-10-25 22:51:26.757] [INFO] myapp - Logging in ACS app...
[2012-10-25 22:51:26.758] [INFO] myapp - Session ID QiEfzOmd84HeLSQvG4Etebk_ZIo
[2012-10-25 22:51:26.759] [INFO] myapp - Response is [object Object]
[2012-10-25 22:51:26.759] [INFO] myapp - callback is function (req, res){	logger.info('createPlace Response .. '+res);	ACS.Places.create({      	name:'Yahoo',       	city:'Sunnyvale',	  	state: 'CA',		session_id: sessionId    }, function(data) {        res.write(JSON.stringify(data, null, 2));        res.end();    }, req, res);}
[2012-10-25 22:51:26.760] [INFO] myapp - createPlace Response .. [object Object]
[2012-10-25 22:52:27.686] [INFO] myapp - Logging in ACS app...
[2012-10-25 22:52:27.686] [INFO] myapp - Session ID QiEfzOmd84HeLSQvG4Etebk_ZIo
[2012-10-25 22:52:27.686] [INFO] myapp - Response is [object Object]
[2012-10-25 22:52:27.686] [INFO] myapp - callback is function (req, res){	logger.info('createPlace Response .. '+res);	ACS.Places.create({      	name:'Yahoo',       	city:'Sunnyvale',	  	state: 'CA',		session_id: sessionId    }, function(data) {        res.write(JSON.stringify(data, null, 2));        res.end();    }, req, res);}
[2012-10-25 22:52:27.686] [INFO] myapp - createPlace Response .. [object Object]
[2012-10-25 22:54:46.150] [INFO] myapp - Logging in ACS app...
[2012-10-25 22:54:46.150] [INFO] myapp - Session ID QiEfzOmd84HeLSQvG4Etebk_ZIo
[2012-10-25 22:54:46.150] [INFO] myapp - Response is [object Object]
[2012-10-25 22:54:46.150] [INFO] myapp - callback is function (req, res){	logger.info('createPlace Response .. '+res);	ACS.Places.create({      	name:'Yahoo',       	city:'Sunnyvale',	  	state: 'CA',		session_id: sessionId    }, function(data) {        res.write(JSON.stringify(data, null, 2));        res.end();    }, req, res);}
[2012-10-25 22:54:46.151] [INFO] myapp - createPlace Response .. [object Object]
[2012-10-25 22:55:31.601] [INFO] myapp - Logging in ACS app...
[2012-10-25 22:55:31.601] [INFO] myapp - Session ID QiEfzOmd84HeLSQvG4Etebk_ZIo
[2012-10-25 22:55:31.601] [INFO] myapp - Response is [object Object]
[2012-10-25 22:55:31.602] [INFO] myapp - callback is function (req, res){	logger.info('createPlace Response .. '+res);	ACS.Places.create({      	name:'Yahoo',       	city:'Sunnyvale',	  	state: 'CA',		//session_id: sessionId    }, function(data) {        res.write(JSON.stringify(data, null, 2));        res.end();    }, req, res);}
[2012-10-25 22:55:31.602] [INFO] myapp - createPlace Response .. [object Object]
[2012-10-25 22:56:14.715] [INFO] myapp - Logging in ACS app...
[2012-10-25 22:56:14.715] [INFO] myapp - Session ID QiEfzOmd84HeLSQvG4Etebk_ZIo
[2012-10-25 22:56:14.715] [INFO] myapp - Response is [object Object]
[2012-10-25 22:56:14.715] [INFO] myapp - callback is function (req, res){	logger.info('createPlace Response .. '+res);	ACS.Places.create({      	name:'Yahoo',       	city:'Sunnyvale',	  	state: 'CA',		//session_id: sessionId    }, function(data) {        res.write(JSON.stringify(data, null, 2));        res.end();    }, req, res);}
[2012-10-25 22:56:14.715] [INFO] myapp - createPlace Response .. [object Object]
